c:\users\lewis\projects\cmp502_project\tutorial 7\engine\bin\desktop_2015\x64\debug\directxtksimplesample_2015.pch
c:\users\lewis\projects\cmp502_project\tutorial 7\engine\bin\desktop_2015\x64\debug\vc143.pdb
c:\users\lewis\projects\cmp502_project\tutorial 7\engine\bin\desktop_2015\x64\debug\vc143.idb
c:\users\lewis\projects\cmp502_project\tutorial 7\engine\bin\desktop_2015\x64\debug\pch.obj
c:\users\lewis\projects\cmp502_project\tutorial 7\engine\bin\desktop_2015\x64\debug\skyboxeffect.obj
c:\users\lewis\projects\cmp502_project\tutorial 7\engine\bin\desktop_2015\x64\debug\shader.obj
c:\users\lewis\projects\cmp502_project\tutorial 7\engine\bin\desktop_2015\x64\debug\shadershadowmap.obj
c:\users\lewis\projects\cmp502_project\tutorial 7\engine\bin\desktop_2015\x64\debug\shaderparticles.obj
c:\users\lewis\projects\cmp502_project\tutorial 7\engine\bin\desktop_2015\x64\debug\shadernormalmap.obj
c:\users\lewis\projects\cmp502_project\tutorial 7\engine\bin\desktop_2015\x64\debug\shaderice.obj
c:\users\lewis\projects\cmp502_project\tutorial 7\engine\bin\desktop_2015\x64\debug\rendertexture.obj
c:\users\lewis\projects\cmp502_project\tutorial 7\engine\bin\desktop_2015\x64\debug\particlesystemclass.obj
c:\users\lewis\projects\cmp502_project\tutorial 7\engine\bin\desktop_2015\x64\debug\modelclass.obj
c:\users\lewis\projects\cmp502_project\tutorial 7\engine\bin\desktop_2015\x64\debug\main.obj
c:\users\lewis\projects\cmp502_project\tutorial 7\engine\bin\desktop_2015\x64\debug\light.obj
c:\users\lewis\projects\cmp502_project\tutorial 7\engine\bin\desktop_2015\x64\debug\input.obj
c:\users\lewis\projects\cmp502_project\tutorial 7\engine\bin\desktop_2015\x64\debug\game.obj
c:\users\lewis\projects\cmp502_project\tutorial 7\engine\bin\desktop_2015\x64\debug\deviceresources.obj
c:\users\lewis\projects\cmp502_project\tutorial 7\engine\bin\desktop_2015\x64\debug\camera.obj
c:\users\lewis\projects\cmp502_project\tutorial 7\engine\bin\desktop_2015\x64\debug\bufferhelpers.obj
c:\users\lewis\projects\cmp502_project\tutorial 7\engine\bin\desktop_2015\x64\debug\shaderfire.obj
c:\users\lewis\projects\cmp502_project\tutorial 7\engine\grayscale_ps.cso
c:\users\lewis\projects\cmp502_project\tutorial 7\engine\light_ps_shadowmap.cso
c:\users\lewis\projects\cmp502_project\tutorial 7\engine\light_vs_ice.cso
c:\users\lewis\projects\cmp502_project\tutorial 7\engine\light_vs_nonormalmap.cso
c:\users\lewis\projects\cmp502_project\tutorial 7\engine\light_vs_shadowmap.cso
c:\users\lewis\projects\cmp502_project\tutorial 7\engine\light_vs_tiling.cso
c:\users\lewis\projects\cmp502_project\tutorial 7\engine\light_vs_tiling_nonormalmap.cso
c:\users\lewis\projects\cmp502_project\tutorial 7\engine\skyboxeffect_ps.cso
c:\users\lewis\projects\cmp502_project\tutorial 7\engine\skyboxeffect_vs.cso
c:\users\lewis\projects\cmp502_project\tutorial 7\engine\particle_ps.cso
c:\users\lewis\projects\cmp502_project\tutorial 7\engine\light_vs.cso
c:\users\lewis\projects\cmp502_project\tutorial 7\engine\particle_vs.cso
c:\users\lewis\projects\cmp502_project\tutorial 7\engine\light_ps_nospec.cso
c:\users\lewis\projects\cmp502_project\tutorial 7\engine\light_ps_nonormalmap.cso
c:\users\lewis\projects\cmp502_project\tutorial 7\engine\light_ps_nospec_nonormalmap.cso
c:\users\lewis\projects\cmp502_project\tutorial 7\engine\light_ps.cso
c:\users\lewis\projects\cmp502_project\tutorial 7\engine\fire_vs.cso
c:\users\lewis\projects\cmp502_project\tutorial 7\engine\fire_ps.cso
c:\users\lewis\projects\cmp502_project\tutorial 7\engine\light_ps_ice.cso
c:\users\lewis\projects\cmp502_project\tutorial 7\engine\bin\desktop_2015\x64\debug\directxtksimplesample_2015.lib
c:\users\lewis\projects\cmp502_project\tutorial 7\engine\bin\desktop_2015\x64\debug\directxtksimplesample_2015.exp
c:\users\lewis\projects\cmp502_project\tutorial 7\engine\bin\desktop_2015\x64\debug\directxtksimplesample_2015.exe
c:\users\lewis\projects\cmp502_project\tutorial 7\engine\bin\desktop_2015\x64\debug\directxtksimplesample_2015.ilk
c:\users\lewis\projects\cmp502_project\tutorial 7\engine\bin\desktop_2015\x64\debug\directxtksimplesample_2015.pdb
c:\users\lewis\projects\cmp502_project\tutorial 7\engine\bin\desktop_2015\x64\debug\resource.res
c:\users\lewis\projects\cmp502_project\tutorial 7\engine\bin\desktop_2015\x64\debug\directxtksimplesample_2015.exe.embed.manifest.res
c:\users\lewis\projects\cmp502_project\tutorial 7\engine\bin\desktop_2015\x64\debug\directxtksimplesample_2015.exe.embed.manifest
c:\users\lewis\projects\cmp502_project\tutorial 7\engine\bin\desktop_2015\x64\debug\directxtksimplesample_2015_manifest.rc
c:\users\lewis\projects\cmp502_project\tutorial 7\engine\bin\desktop_2015\x64\debug\directxt.2c4f0429.tlog\cl.command.1.tlog
c:\users\lewis\projects\cmp502_project\tutorial 7\engine\bin\desktop_2015\x64\debug\directxt.2c4f0429.tlog\cl.items.tlog
c:\users\lewis\projects\cmp502_project\tutorial 7\engine\bin\desktop_2015\x64\debug\directxt.2c4f0429.tlog\cl.read.1.tlog
c:\users\lewis\projects\cmp502_project\tutorial 7\engine\bin\desktop_2015\x64\debug\directxt.2c4f0429.tlog\cl.write.1.tlog
c:\users\lewis\projects\cmp502_project\tutorial 7\engine\bin\desktop_2015\x64\debug\directxt.2c4f0429.tlog\fxc.command.1.tlog
c:\users\lewis\projects\cmp502_project\tutorial 7\engine\bin\desktop_2015\x64\debug\directxt.2c4f0429.tlog\fxc.read.1.tlog
c:\users\lewis\projects\cmp502_project\tutorial 7\engine\bin\desktop_2015\x64\debug\directxt.2c4f0429.tlog\fxc.write.1.tlog
c:\users\lewis\projects\cmp502_project\tutorial 7\engine\bin\desktop_2015\x64\debug\directxt.2c4f0429.tlog\link.command.1.tlog
c:\users\lewis\projects\cmp502_project\tutorial 7\engine\bin\desktop_2015\x64\debug\directxt.2c4f0429.tlog\link.read.1.tlog
c:\users\lewis\projects\cmp502_project\tutorial 7\engine\bin\desktop_2015\x64\debug\directxt.2c4f0429.tlog\link.write.1.tlog
c:\users\lewis\projects\cmp502_project\tutorial 7\engine\bin\desktop_2015\x64\debug\directxt.2c4f0429.tlog\link.write.2u.tlog
c:\users\lewis\projects\cmp502_project\tutorial 7\engine\bin\desktop_2015\x64\debug\directxt.2c4f0429.tlog\rc.command.1.tlog
c:\users\lewis\projects\cmp502_project\tutorial 7\engine\bin\desktop_2015\x64\debug\directxt.2c4f0429.tlog\rc.read.1.tlog
c:\users\lewis\projects\cmp502_project\tutorial 7\engine\bin\desktop_2015\x64\debug\directxt.2c4f0429.tlog\rc.write.1.tlog
